<?xml version="1.0" encoding="UTF-8" ?>
<testsuite failures="0" time="6.748" errors="0" skipped="0" tests="3" name="net.sam_solutions.courses.dkrauchanka.dao_impl_hibernate.UserDAOImplTest">
  <properties>
[...]
</properties>
  <testcase time="6.593" classname="net.sam_solutions.courses.dkrauchanka.dao_impl_hibernate.UserDAOImplTest" name="testAddingUser"/>
  <testcase time="0.031" classname="net.sam_solutions.courses.dkrauchanka.dao_impl_hibernate.UserDAOImplTest" name="testRemovingUser"/>
  <testcase time="0.078" classname="net.sam_solutions.courses.dkrauchanka.dao_impl_hibernate.UserDAOImplTest" name="testUpdatingUser"/>
</testsuite>