<?xml version="1.0" encoding="UTF-8" ?>
<testsuite failures="0" time="0.016" errors="0" skipped="0" tests="3" name="net.sam_solutions.courses.dkrauchanka.dao_impl_hibernate.TestRoleDAOImplHibernate">
  <properties>
[...]
</properties>
  <testcase time="0" classname="net.sam_solutions.courses.dkrauchanka.dao_impl_hibernate.TestRoleDAOImplHibernate" name="testAdding"/>
  <testcase time="0" classname="net.sam_solutions.courses.dkrauchanka.dao_impl_hibernate.TestRoleDAOImplHibernate" name="removingRole"/>
  <testcase time="0" classname="net.sam_solutions.courses.dkrauchanka.dao_impl_hibernate.TestRoleDAOImplHibernate" name="updatingRole"/>
</testsuite>